# JRE version: OpenJDK Runtime Environment (11.0.13) (build 11.0.13+0-b1751.21-8125866)
# Java VM: OpenJDK 64-Bit Server VM (11.0.13+0-b1751.21-8125866, mixed mode, tiered, compressed oops, g1 gc, windows-amd64)
Heap:
 garbage-first heap   total 262144K, used 145719K [0x0000000080000000, 0x0000000100000000)
  region size 1024K, 120 young (122880K), 15 survivors (15360K)
 Metaspace       used 54373K, capacity 55799K, committed 56060K, reserved 1097728K
  class space    used 6874K, capacity 7400K, committed 7500K, reserved 1048576K
GC Heap History (16 events):
Event: 1.227 GC heap before
{Heap before GC invocations=0 (full 0):
 garbage-first heap   total 262144K, used 16384K [0x0000000080000000, 0x0000000100000000)
  region size 1024K, 14 young (14336K), 0 survivors (0K)
 Metaspace       used 6793K, capacity 7001K, committed 7168K, reserved 1056768K
  class space    used 576K, capacity 650K, committed 768K, reserved 1048576K
}
Event: 1.238 GC heap after
{Heap after GC invocations=1 (full 0):
 garbage-first heap   total 262144K, used 4116K [0x0000000080000000, 0x0000000100000000)
  region size 1024K, 2 young (2048K), 2 survivors (2048K)
 Metaspace       used 6793K, capacity 7001K, committed 7168K, reserved 1056768K
  class space    used 576K, capacity 650K, committed 768K, reserved 1048576K
}
Event: 1.670 GC heap before
{Heap before GC invocations=1 (full 0):
 garbage-first heap   total 262144K, used 19476K [0x0000000080000000, 0x0000000100000000)
  region size 1024K, 14 young (14336K), 2 survivors (2048K)
 Metaspace       used 9930K, capacity 10194K, committed 10368K, reserved 1058816K
  class space    used 1015K, capacity 1102K, committed 1152K, reserved 1048576K
}
Event: 1.673 GC heap after
{Heap after GC invocations=2 (full 0):
 garbage-first heap   total 262144K, used 9461K [0x0000000080000000, 0x0000000100000000)
  region size 1024K, 2 young (2048K), 2 survivors (2048K)
 Metaspace       used 9930K, capacity 10194K, committed 10368K, reserved 1058816K
  class space    used 1015K, capacity 1102K, committed 1152K, reserved 1048576K
}
Event: 3.554 GC heap before
{Heap before GC invocations=2 (full 0):
 garbage-first heap   total 262144K, used 40181K [0x0000000080000000, 0x0000000100000000)
  region size 1024K, 31 young (31744K), 2 survivors (2048K)
 Metaspace       used 10923K, capacity 11149K, committed 11264K, reserved 1058816K
  class space    used 1116K, capacity 1207K, committed 1280K, reserved 1048576K
}
Event: 3.557 GC heap after
{Heap after GC invocations=3 (full 0):
 garbage-first heap   total 262144K, used 12308K [0x0000000080000000, 0x0000000100000000)
  region size 1024K, 4 young (4096K), 4 survivors (4096K)
 Metaspace       used 10923K, capacity 11149K, committed 11264K, reserved 1058816K
  class space    used 1116K, capacity 1207K, committed 1280K, reserved 1048576K
}
Event: 6.754 GC heap before
{Heap before GC invocations=3 (full 0):
 garbage-first heap   total 262144K, used 54292K [0x0000000080000000, 0x0000000100000000)
  region size 1024K, 46 young (47104K), 4 survivors (4096K)
 Metaspace       used 17699K, capacity 18111K, committed 18432K, reserved 1064960K
  class space    used 2061K, capacity 2209K, committed 2304K, reserved 1048576K
}
Event: 6.764 GC heap after
{Heap after GC invocations=4 (full 0):
 garbage-first heap   total 262144K, used 16478K [0x0000000080000000, 0x0000000100000000)
  region size 1024K, 6 young (6144K), 6 survivors (6144K)
 Metaspace       used 17699K, capacity 18111K, committed 18432K, reserved 1064960K
  class space    used 2061K, capacity 2209K, committed 2304K, reserved 1048576K
}
Event: 7.453 GC heap before
{Heap before GC invocations=4 (full 0):
 garbage-first heap   total 262144K, used 47198K [0x0000000080000000, 0x0000000100000000)
  region size 1024K, 37 young (37888K), 6 survivors (6144K)
 Metaspace       used 20804K, capacity 21197K, committed 21296K, reserved 1069056K
  class space    used 2527K, capacity 2684K, committed 2688K, reserved 1048576K
}
Event: 7.463 GC heap after
{Heap after GC invocations=5 (full 0):
 garbage-first heap   total 262144K, used 17642K [0x0000000080000000, 0x0000000100000000)
  region size 1024K, 8 young (8192K), 8 survivors (8192K)
 Metaspace       used 20804K, capacity 21197K, committed 21296K, reserved 1069056K
  class space    used 2527K, capacity 2684K, committed 2688K, reserved 1048576K
}
Event: 8.882 GC heap before
{Heap before GC invocations=6 (full 0):
 garbage-first heap   total 262144K, used 84202K [0x0000000080000000, 0x0000000100000000)
  region size 1024K, 73 young (74752K), 8 survivors (8192K)
 Metaspace       used 27399K, capacity 28022K, committed 28284K, reserved 1073152K
  class space    used 3557K, capacity 3778K, committed 3788K, reserved 1048576K
}
Event: 8.892 GC heap after
{Heap after GC invocations=7 (full 0):
 garbage-first heap   total 262144K, used 19728K [0x0000000080000000, 0x0000000100000000)
  region size 1024K, 8 young (8192K), 8 survivors (8192K)
 Metaspace       used 27399K, capacity 28022K, committed 28284K, reserved 1073152K
  class space    used 3557K, capacity 3778K, committed 3788K, reserved 1048576K
}
Event: 10.226 GC heap before
{Heap before GC invocations=7 (full 0):
 garbage-first heap   total 262144K, used 67856K [0x0000000080000000, 0x0000000100000000)
  region size 1024K, 56 young (57344K), 8 survivors (8192K)
 Metaspace       used 35180K, capacity 35943K, committed 35964K, reserved 1081344K
  class space    used 4510K, capacity 4803K, committed 4812K, reserved 1048576K
}
Event: 10.237 GC heap after
{Heap after GC invocations=8 (full 0):
 garbage-first heap   total 262144K, used 23392K [0x0000000080000000, 0x0000000100000000)
  region size 1024K, 11 young (11264K), 11 survivors (11264K)
 Metaspace       used 35180K, capacity 35943K, committed 35964K, reserved 1081344K
  class space    used 4510K, capacity 4803K, committed 4812K, reserved 1048576K
}
Event: 13.789 GC heap before
{Heap before GC invocations=9 (full 0):
 garbage-first heap   total 262144K, used 171872K [0x0000000080000000, 0x0000000100000000)
  region size 1024K, 153 young (156672K), 11 survivors (11264K)
 Metaspace       used 46905K, capacity 48125K, committed 48380K, reserved 1091584K
  class space    used 5951K, capacity 6355K, committed 6476K, reserved 1048576K
}
Event: 13.813 GC heap after
{Heap after GC invocations=10 (full 0):
 garbage-first heap   total 262144K, used 31031K [0x0000000080000000, 0x0000000100000000)
  region size 1024K, 15 young (15360K), 15 survivors (15360K)
 Metaspace       used 46905K, capacity 48125K, committed 48380K, reserved 1091584K
  class space    used 5951K, capacity 6355K, committed 6476K, reserved 1048576K
}

